{"level":"info","message":"Our app is listening on port 80","service":"user-service"}
{"level":"info","message":"Connected to MongoDB!","service":"user-service"}
{"level":"info","message":"Our app is listening on port 80","service":"user-service"}
{"level":"info","message":"Connected to MongoDB!","service":"user-service"}
{"level":"error","message":"Error fetching posts: userPosts is not defined","service":"user-service","stack":"ReferenceError: userPosts is not defined\n    at getProfile (file:///Users/franciscorona/Developer/VS%20Code/JavaScript/CIS-371/CIS371-Code/social_network/app/controllers/postController.mjs:58:26)\n    at process.processTicksAndRejections (node:internal/process/task_queues:95:5)"}
{"level":"error","message":"Error fetching posts: userPosts is not defined","service":"user-service","stack":"ReferenceError: userPosts is not defined\n    at getProfile (file:///Users/franciscorona/Developer/VS%20Code/JavaScript/CIS-371/CIS371-Code/social_network/app/controllers/postController.mjs:58:26)\n    at process.processTicksAndRejections (node:internal/process/task_queues:95:5)"}
{"level":"error","message":"Error fetching posts: userPosts is not defined","service":"user-service","stack":"ReferenceError: userPosts is not defined\n    at getProfile (file:///Users/franciscorona/Developer/VS%20Code/JavaScript/CIS-371/CIS371-Code/social_network/app/controllers/postController.mjs:58:26)\n    at process.processTicksAndRejections (node:internal/process/task_queues:95:5)"}
{"level":"info","message":"Our app is listening on port 80","service":"user-service"}
{"level":"info","message":"Connected to MongoDB!","service":"user-service"}
{"level":"info","message":"Attempting to find email: todd@todd.comq","service":"user-service"}
{"level":"info","message":"User not found","service":"user-service"}
{"level":"error","message":"Login error: User not found","service":"user-service"}
{"level":"error","message":"Error fetching posts: userPosts is not defined","service":"user-service","stack":"ReferenceError: userPosts is not defined\n    at getProfile (file:///Users/franciscorona/Developer/VS%20Code/JavaScript/CIS-371/CIS371-Code/social_network/app/controllers/postController.mjs:58:26)\n    at process.processTicksAndRejections (node:internal/process/task_queues:95:5)"}
{"level":"info","message":"Our app is listening on port 80","service":"user-service"}
{"level":"info","message":"Connected to MongoDB!","service":"user-service"}
{"level":"info","message":"Our app is listening on port 80","service":"user-service"}
{"level":"info","message":"Connected to MongoDB!","service":"user-service"}
{"level":"info","message":"Ian Stewart removed from Francis Corona's friend list","service":"user-service"}
{"level":"info","message":"Ian Stewart added to Francis Corona's friend list","service":"user-service"}
{"level":"info","message":"Our app is listening on port 80","service":"user-service"}
{"level":"info","message":"Connected to MongoDB!","service":"user-service"}
{"level":"info","message":"Our app is listening on port 80","service":"user-service"}
{"level":"info","message":"Connected to MongoDB!","service":"user-service"}
{"level":"info","message":"Found 3 posts for user: 665d0a6561164ca03acaa9dc","service":"user-service"}
{"level":"info","message":"Found friends record for user: 665d0a6561164ca03acaa9dc","service":"user-service"}
{"level":"info","message":"User 665d0a6561164ca03acaa9dc has 2 friends","service":"user-service"}
{"level":"info","message":"Found 4 posts from friends of user: 665d0a6561164ca03acaa9dc","service":"user-service"}
